2026-05-20 16:19:54  C:\Users\WORK---PC\Documents\Airfree\css\style.css
2026-05-20 16:20:00  C:\Users\WORK---PC\Documents\Airfree\css\style.css
2026-05-20 16:20:06  C:\Users\WORK---PC\Documents\Airfree\css\style.css
2026-05-20 16:20:13  C:\Users\WORK---PC\Documents\Airfree\css\style.css
2026-05-20 16:20:21  C:\Users\WORK---PC\Documents\Airfree\js\main.js
2026-05-20 16:20:28  C:\Users\WORK---PC\Documents\Airfree\about.html
2026-05-20 16:25:35  C:\Users\WORK---PC\Documents\Airfree\index.html
2026-05-20 16:25:46  C:\Users\WORK---PC\Documents\Airfree\about.html
2026-05-20 16:25:56  C:\Users\WORK---PC\Documents\Airfree\about.html
2026-05-20 16:26:06  C:\Users\WORK---PC\Documents\Airfree\js\main.js
2026-05-20 16:26:13  C:\Users\WORK---PC\Documents\Airfree\js\main.js
2026-05-20 16:26:28  C:\Users\WORK---PC\Documents\Airfree\js\main.js
2026-05-20 16:26:37  C:\Users\WORK---PC\Documents\Airfree\js\main.js
2026-05-20 16:26:46  C:\Users\WORK---PC\Documents\Airfree\contact.html
2026-05-20 16:27:08  C:\Users\WORK---PC\Documents\Airfree\contact.html
2026-05-20 16:27:17  C:\Users\WORK---PC\Documents\Airfree\css\style.css
2026-05-20 16:53:55  C:\Users\WORK---PC\Documents\Airfree\css\style.css
2026-05-20 16:54:01  C:\Users\WORK---PC\Documents\Airfree\css\style.css
2026-05-20 16:54:07  C:\Users\WORK---PC\Documents\Airfree\css\style.css
2026-05-20 16:54:19  C:\Users\WORK---PC\Documents\Airfree\css\style.css
2026-05-20 16:57:30  C:\Users\WORK---PC\Documents\Airfree\css\style.css
2026-05-20 16:57:39  C:\Users\WORK---PC\Documents\Airfree\css\style.css
2026-05-20 16:57:53  C:\Users\WORK---PC\Documents\Airfree\js\main.js
2026-05-20 16:58:09  C:\Users\WORK---PC\Documents\Airfree\js\main.js
2026-05-20 16:59:19  C:\Users\WORK---PC\Documents\Airfree\products.html
2026-05-20 17:06:07  C:\Users\WORK---PC\Documents\Airfree\css\style.css
2026-05-20 17:10:50  C:\Users\WORK---PC\Documents\Airfree\css\style.css
2026-05-20 17:11:03  C:\Users\WORK---PC\Documents\Airfree\js\main.js
2026-05-20 17:11:13  C:\Users\WORK---PC\Documents\Airfree\js\main.js
2026-05-20 17:11:28  C:\Users\WORK---PC\Documents\Airfree\js\main.js
2026-05-20 17:11:35  C:\Users\WORK---PC\Documents\Airfree\js\main.js
2026-05-20 17:12:43  C:\Users\WORK---PC\Documents\Airfree\products.html
2026-05-20 17:23:34  C:\Users\WORK---PC\Documents\Airfree\js\main.js
2026-05-20 17:23:55  C:\Users\WORK---PC\Documents\Airfree\js\main.js
2026-05-20 17:24:10  C:\Users\WORK---PC\Documents\Airfree\css\style.css
2026-05-20 17:24:29  C:\Users\WORK---PC\Documents\Airfree\contact.html
2026-05-20 17:24:45  C:\Users\WORK---PC\Documents\Airfree\about.html
2026-05-20 17:24:59  C:\Users\WORK---PC\Documents\Airfree\about.html
2026-05-20 17:25:12  C:\Users\WORK---PC\Documents\Airfree\about.html
2026-05-20 18:05:55  C:\Users\WORK---PC\Documents\Airfree\js\main.js
2026-05-20 18:06:04  C:\Users\WORK---PC\Documents\Airfree\js\main.js
2026-05-20 18:06:16  C:\Users\WORK---PC\Documents\Airfree\css\style.css
2026-05-20 18:06:25  C:\Users\WORK---PC\Documents\Airfree\css\style.css
2026-05-20 18:06:39  C:\Users\WORK---PC\Documents\Airfree\css\style.css
2026-05-20 18:07:04  C:\Users\WORK---PC\Documents\Airfree\css\style.css
2026-05-20 18:09:07  C:\Users\WORK---PC\Documents\Airfree\css\style.css
2026-05-20 18:11:29  C:\Users\WORK---PC\Documents\Airfree\index.html
2026-05-20 18:11:42  C:\Users\WORK---PC\Documents\Airfree\css\style.css
2026-05-20 18:13:39  C:\Users\WORK---PC\Documents\Airfree\index.html
2026-05-20 18:13:57  C:\Users\WORK---PC\Documents\Airfree\index.html
2026-05-20 18:14:31  C:\Users\WORK---PC\Documents\Airfree\index.html
2026-05-20 18:14:44  C:\Users\WORK---PC\Documents\Airfree\index.html
2026-05-20 18:15:00  C:\Users\WORK---PC\Documents\Airfree\index.html
2026-05-20 18:15:10  C:\Users\WORK---PC\Documents\Airfree\css\style.css
2026-05-20 18:15:17  C:\Users\WORK---PC\Documents\Airfree\index.html
